<?xml version="1.0" encoding="UTF-8"?>
<testng-results skipped="0" failed="1" ignored="0" total="4" passed="3">
  <reporter-output>
  </reporter-output>
  <suite name="Default suite" duration-ms="83" started-at="2019-07-31T12:25:31Z" finished-at="2019-07-31T12:25:31Z">
    <groups>
    </groups>
    <test name="Default test" duration-ms="83" started-at="2019-07-31T12:25:31Z" finished-at="2019-07-31T12:25:31Z">
      <class name="com.ara.testNG.testng_egs.Assert_type">
        <test-method status="FAIL" signature="hardAssert()[pri:0, instance:com.ara.testNG.testng_egs.Assert_type@1bce4f0a]" name="hardAssert" duration-ms="17" started-at="2019-07-31T12:25:31Z" finished-at="2019-07-31T12:25:31Z">
          <exception class="java.lang.AssertionError">
            <message>
              <![CDATA[expected [true] but found [false]]]>
            </message>
            <full-stacktrace>
              <![CDATA[java.lang.AssertionError: expected [true] but found [false]
at org.testng.Assert.fail(Assert.java:96)
at org.testng.Assert.failNotEquals(Assert.java:776)
at org.testng.Assert.assertTrue(Assert.java:44)
at org.testng.Assert.assertTrue(Assert.java:54)
at com.ara.testNG.testng_egs.Assert_type.hardAssert(Assert_type.java:59)
at sun.reflect.NativeMethodAccessorImpl.invoke0(Native Method)
at sun.reflect.NativeMethodAccessorImpl.invoke(NativeMethodAccessorImpl.java:62)
at sun.reflect.DelegatingMethodAccessorImpl.invoke(DelegatingMethodAccessorImpl.java:43)
at java.lang.reflect.Method.invoke(Method.java:498)
at org.testng.internal.MethodInvocationHelper.invokeMethod(MethodInvocationHelper.java:124)
at org.testng.internal.Invoker.invokeMethod(Invoker.java:583)
at org.testng.internal.Invoker.invokeTestMethod(Invoker.java:719)
at org.testng.internal.Invoker.invokeTestMethods(Invoker.java:989)
at org.testng.internal.TestMethodWorker.invokeTestMethods(TestMethodWorker.java:125)
at org.testng.internal.TestMethodWorker.run(TestMethodWorker.java:109)
at org.testng.TestRunner.privateRun(TestRunner.java:648)
at org.testng.TestRunner.run(TestRunner.java:505)
at org.testng.SuiteRunner.runTest(SuiteRunner.java:455)
at org.testng.SuiteRunner.runSequentially(SuiteRunner.java:450)
at org.testng.SuiteRunner.privateRun(SuiteRunner.java:415)
at org.testng.SuiteRunner.run(SuiteRunner.java:364)
at org.testng.SuiteRunnerWorker.runSuite(SuiteRunnerWorker.java:52)
at org.testng.SuiteRunnerWorker.run(SuiteRunnerWorker.java:84)
at org.testng.TestNG.runSuitesSequentially(TestNG.java:1208)
at org.testng.TestNG.runSuitesLocally(TestNG.java:1137)
at org.testng.TestNG.runSuites(TestNG.java:1049)
at org.testng.TestNG.run(TestNG.java:1017)
at org.testng.remote.AbstractRemoteTestNG.run(AbstractRemoteTestNG.java:114)
at org.testng.remote.RemoteTestNG.initAndRun(RemoteTestNG.java:251)
at org.testng.remote.RemoteTestNG.main(RemoteTestNG.java:77)
]]>
            </full-stacktrace>
          </exception> <!-- java.lang.AssertionError -->
          <reporter-output>
          </reporter-output>
        </test-method> <!-- hardAssert -->
        <test-method status="PASS" signature="softAssert()[pri:0, instance:com.ara.testNG.testng_egs.Assert_type@1bce4f0a]" name="softAssert" duration-ms="6" started-at="2019-07-31T12:25:31Z" finished-at="2019-07-31T12:25:31Z">
          <reporter-output>
          </reporter-output>
        </test-method> <!-- softAssert -->
        <test-method status="PASS" signature="test1()[pri:0, instance:com.ara.testNG.testng_egs.Assert_type@1bce4f0a]" name="test1" duration-ms="2" started-at="2019-07-31T12:25:31Z" finished-at="2019-07-31T12:25:31Z">
          <reporter-output>
          </reporter-output>
        </test-method> <!-- test1 -->
        <test-method status="PASS" signature="test2()[pri:0, instance:com.ara.testNG.testng_egs.Assert_type@1bce4f0a]" name="test2" duration-ms="8" started-at="2019-07-31T12:25:31Z" finished-at="2019-07-31T12:25:31Z">
          <reporter-output>
          </reporter-output>
        </test-method> <!-- test2 -->
      </class> <!-- com.ara.testNG.testng_egs.Assert_type -->
    </test> <!-- Default test -->
  </suite> <!-- Default suite -->
</testng-results>
